{"name":"hexo","hostname":"Gs-MacBook-Pro","pid":53419,"level":20,"msg":"Writing database to /Users/gm/Documents/GitHub/ectinge/adminentry/db.json","time":"2025-01-02T09:54:18.764Z","v":0}
{"name":"hexo","hostname":"Gs-MacBook-Pro","pid":53419,"level":20,"msg":"Hexo version: \u001b[35m4.2.1\u001b[39m","time":"2025-01-02T09:54:18.768Z","v":0}
{"name":"hexo","hostname":"Gs-MacBook-Pro","pid":53419,"level":20,"msg":"Working directory: \u001b[35m~/Documents/GitHub/ectinge/adminentry/\u001b[39m","time":"2025-01-02T09:54:18.768Z","v":0}
{"name":"hexo","hostname":"Gs-MacBook-Pro","pid":53419,"level":20,"msg":"Config loaded: \u001b[35m~/Documents/GitHub/ectinge/adminentry/_config.yml\u001b[39m","time":"2025-01-02T09:54:18.793Z","v":0}
{"name":"hexo","hostname":"Gs-MacBook-Pro","pid":53419,"level":20,"msg":"Plugin loaded: \u001b[35mhexo-deployer-git\u001b[39m","time":"2025-01-02T09:54:18.798Z","v":0}
{"name":"hexo","hostname":"Gs-MacBook-Pro","pid":53419,"level":20,"msg":"Plugin loaded: \u001b[35mhexo-blog-encrypt\u001b[39m","time":"2025-01-02T09:54:18.799Z","v":0}
{"name":"hexo","hostname":"Gs-MacBook-Pro","pid":53419,"level":20,"msg":"Plugin loaded: \u001b[35mhexo-generator-index\u001b[39m","time":"2025-01-02T09:54:18.799Z","v":0}
{"name":"hexo","hostname":"Gs-MacBook-Pro","pid":53419,"level":20,"msg":"Plugin loaded: \u001b[35mhexo-generator-archive\u001b[39m","time":"2025-01-02T09:54:18.799Z","v":0}
{"name":"hexo","hostname":"Gs-MacBook-Pro","pid":53419,"level":20,"msg":"Plugin loaded: \u001b[35mhexo-generator-category\u001b[39m","time":"2025-01-02T09:54:18.800Z","v":0}
{"name":"hexo","hostname":"Gs-MacBook-Pro","pid":53419,"level":20,"msg":"Plugin loaded: \u001b[35mhexo-generator-tag\u001b[39m","time":"2025-01-02T09:54:18.800Z","v":0}
{"name":"hexo","hostname":"Gs-MacBook-Pro","pid":53419,"level":20,"msg":"Plugin loaded: \u001b[35mhexo-renderer-ejs\u001b[39m","time":"2025-01-02T09:54:18.801Z","v":0}
{"name":"hexo","hostname":"Gs-MacBook-Pro","pid":53419,"level":20,"msg":"Plugin loaded: \u001b[35mhexo-renderer-stylus\u001b[39m","time":"2025-01-02T09:54:18.821Z","v":0}
{"name":"hexo","hostname":"Gs-MacBook-Pro","pid":53419,"level":20,"msg":"Plugin loaded: \u001b[35mhexo-renderer-marked\u001b[39m","time":"2025-01-02T09:54:18.834Z","v":0}
{"name":"hexo","hostname":"Gs-MacBook-Pro","pid":53419,"level":20,"msg":"Plugin loaded: \u001b[35mhexo-server\u001b[39m","time":"2025-01-02T09:54:18.855Z","v":0}
{"name":"hexo","hostname":"Gs-MacBook-Pro","pid":53419,"level":20,"msg":"Script loaded: \u001b[35mthemes/cactus/scripts/merge-configs.js\u001b[39m","time":"2025-01-02T09:54:18.857Z","v":0}
{"name":"hexo","hostname":"Gs-MacBook-Pro","pid":53419,"level":20,"msg":"Script loaded: \u001b[35mthemes/cactus/scripts/meta.js\u001b[39m","time":"2025-01-02T09:54:18.857Z","v":0}
{"name":"hexo","hostname":"Gs-MacBook-Pro","pid":53419,"level":20,"msg":"Script loaded: \u001b[35mthemes/cactus/scripts/page_title.js\u001b[39m","time":"2025-01-02T09:54:18.857Z","v":0}
{"name":"hexo","hostname":"Gs-MacBook-Pro","pid":53419,"level":20,"msg":"Script loaded: \u001b[35mthemes/cactus/scripts/thumbnail.js\u001b[39m","time":"2025-01-02T09:54:18.857Z","v":0}
{"name":"hexo","hostname":"Gs-MacBook-Pro","pid":53419,"level":30,"msg":"Start processing","time":"2025-01-02T09:54:18.858Z","v":0}
{"name":"hexo","hostname":"Gs-MacBook-Pro","pid":53419,"level":20,"msg":"Theme config loaded.","time":"2025-01-02T09:54:18.893Z","v":0}
{"name":"hexo","hostname":"Gs-MacBook-Pro","pid":53419,"level":20,"msg":"Processed: \u001b[35m_posts/2025-09-14-任务简报.md\u001b[39m","time":"2025-01-02T09:54:18.895Z","v":0}
{"name":"hexo","hostname":"Gs-MacBook-Pro","pid":53419,"level":20,"msg":"Processed: \u001b[35m_config.yml\u001b[39m","time":"2025-01-02T09:54:18.895Z","v":0}
{"name":"hexo","hostname":"Gs-MacBook-Pro","pid":53419,"level":20,"msg":"Processed: \u001b[35m_posts/2025-12-19-任务简报.md\u001b[39m","time":"2025-01-02T09:54:18.895Z","v":0}
{"name":"hexo","hostname":"Gs-MacBook-Pro","pid":53419,"level":20,"msg":"Processed: \u001b[35m_posts/2025-12-12-任务简报.md\u001b[39m","time":"2025-01-02T09:54:18.895Z","v":0}
{"name":"hexo","hostname":"Gs-MacBook-Pro","pid":53419,"level":20,"msg":"Processed: \u001b[35m_posts/2030-01-17-工作日志.md\u001b[39m","time":"2025-01-02T09:54:18.895Z","v":0}
{"name":"hexo","hostname":"Gs-MacBook-Pro","pid":53419,"level":20,"msg":"Processed: \u001b[35msource/css/rtl.styl\u001b[39m","time":"2025-01-02T09:54:18.896Z","v":0}
{"name":"hexo","hostname":"Gs-MacBook-Pro","pid":53419,"level":20,"msg":"Processed: \u001b[35msource/css/style.styl\u001b[39m","time":"2025-01-02T09:54:18.896Z","v":0}
{"name":"hexo","hostname":"Gs-MacBook-Pro","pid":53419,"level":20,"msg":"Processed: \u001b[35msource/js/main.js\u001b[39m","time":"2025-01-02T09:54:18.896Z","v":0}
{"name":"hexo","hostname":"Gs-MacBook-Pro","pid":53419,"level":20,"msg":"Processed: \u001b[35msource/js/search.js\u001b[39m","time":"2025-01-02T09:54:18.896Z","v":0}
{"name":"hexo","hostname":"Gs-MacBook-Pro","pid":53419,"level":20,"msg":"Processed: \u001b[35msource/images/apple-touch-icon.png\u001b[39m","time":"2025-01-02T09:54:18.896Z","v":0}
{"name":"hexo","hostname":"Gs-MacBook-Pro","pid":53419,"level":20,"msg":"Processed: \u001b[35msource/images/favicon.ico\u001b[39m","time":"2025-01-02T09:54:18.897Z","v":0}
{"name":"hexo","hostname":"Gs-MacBook-Pro","pid":53419,"level":20,"msg":"Processed: \u001b[35msource/images/favicon-192x192.png\u001b[39m","time":"2025-01-02T09:54:18.897Z","v":0}
{"name":"hexo","hostname":"Gs-MacBook-Pro","pid":53419,"level":20,"msg":"Processed: \u001b[35mlayout/archive.ejs\u001b[39m","time":"2025-01-02T09:54:18.917Z","v":0}
{"name":"hexo","hostname":"Gs-MacBook-Pro","pid":53419,"level":20,"msg":"Processed: \u001b[35mlayout/index.ejs\u001b[39m","time":"2025-01-02T09:54:18.917Z","v":0}
{"name":"hexo","hostname":"Gs-MacBook-Pro","pid":53419,"level":20,"msg":"Processed: \u001b[35mlayout/layout.ejs\u001b[39m","time":"2025-01-02T09:54:18.917Z","v":0}
{"name":"hexo","hostname":"Gs-MacBook-Pro","pid":53419,"level":20,"msg":"Processed: \u001b[35mlayout/page.ejs\u001b[39m","time":"2025-01-02T09:54:18.917Z","v":0}
{"name":"hexo","hostname":"Gs-MacBook-Pro","pid":53419,"level":20,"msg":"Processed: \u001b[35mlayout/post.ejs\u001b[39m","time":"2025-01-02T09:54:18.917Z","v":0}
{"name":"hexo","hostname":"Gs-MacBook-Pro","pid":53419,"level":20,"msg":"Processed: \u001b[35mlanguages/ca.yml\u001b[39m","time":"2025-01-02T09:54:18.920Z","v":0}
{"name":"hexo","hostname":"Gs-MacBook-Pro","pid":53419,"level":20,"msg":"Processed: \u001b[35mlanguages/default.yml\u001b[39m","time":"2025-01-02T09:54:18.920Z","v":0}
{"name":"hexo","hostname":"Gs-MacBook-Pro","pid":53419,"level":20,"msg":"Processed: \u001b[35mlanguages/en.yml\u001b[39m","time":"2025-01-02T09:54:18.920Z","v":0}
{"name":"hexo","hostname":"Gs-MacBook-Pro","pid":53419,"level":20,"msg":"Processed: \u001b[35mlanguages/fa.yml\u001b[39m","time":"2025-01-02T09:54:18.920Z","v":0}
{"name":"hexo","hostname":"Gs-MacBook-Pro","pid":53419,"level":20,"msg":"Processed: \u001b[35mlanguages/es.yml\u001b[39m","time":"2025-01-02T09:54:18.920Z","v":0}
{"name":"hexo","hostname":"Gs-MacBook-Pro","pid":53419,"level":20,"msg":"Processed: \u001b[35mlanguages/fr.yml\u001b[39m","time":"2025-01-02T09:54:18.920Z","v":0}
{"name":"hexo","hostname":"Gs-MacBook-Pro","pid":53419,"level":20,"msg":"Processed: \u001b[35mlanguages/it.yml\u001b[39m","time":"2025-01-02T09:54:18.920Z","v":0}
{"name":"hexo","hostname":"Gs-MacBook-Pro","pid":53419,"level":20,"msg":"Processed: \u001b[35mlanguages/kr.yml\u001b[39m","time":"2025-01-02T09:54:18.920Z","v":0}
{"name":"hexo","hostname":"Gs-MacBook-Pro","pid":53419,"level":20,"msg":"Processed: \u001b[35msource/lib/clipboard/clipboard.min.js\u001b[39m","time":"2025-01-02T09:54:18.922Z","v":0}
{"name":"hexo","hostname":"Gs-MacBook-Pro","pid":53419,"level":20,"msg":"Processed: \u001b[35mlanguages/nl.yml\u001b[39m","time":"2025-01-02T09:54:18.926Z","v":0}
{"name":"hexo","hostname":"Gs-MacBook-Pro","pid":53419,"level":20,"msg":"Processed: \u001b[35mlanguages/pt-br.yml\u001b[39m","time":"2025-01-02T09:54:18.926Z","v":0}
{"name":"hexo","hostname":"Gs-MacBook-Pro","pid":53419,"level":20,"msg":"Processed: \u001b[35mlanguages/ru.yml\u001b[39m","time":"2025-01-02T09:54:18.926Z","v":0}
{"name":"hexo","hostname":"Gs-MacBook-Pro","pid":53419,"level":20,"msg":"Processed: \u001b[35mlanguages/tr.yml\u001b[39m","time":"2025-01-02T09:54:18.926Z","v":0}
{"name":"hexo","hostname":"Gs-MacBook-Pro","pid":53419,"level":20,"msg":"Processed: \u001b[35mlanguages/vi.yml\u001b[39m","time":"2025-01-02T09:54:18.926Z","v":0}
{"name":"hexo","hostname":"Gs-MacBook-Pro","pid":53419,"level":20,"msg":"Processed: \u001b[35mlanguages/pl.yml\u001b[39m","time":"2025-01-02T09:54:18.926Z","v":0}
{"name":"hexo","hostname":"Gs-MacBook-Pro","pid":53419,"level":20,"msg":"Processed: \u001b[35mlanguages/zh-CN.yml\u001b[39m","time":"2025-01-02T09:54:18.926Z","v":0}
{"name":"hexo","hostname":"Gs-MacBook-Pro","pid":53419,"level":20,"msg":"Processed: \u001b[35mlanguages/zh-TW.yml\u001b[39m","time":"2025-01-02T09:54:18.926Z","v":0}
{"name":"hexo","hostname":"Gs-MacBook-Pro","pid":53419,"level":20,"msg":"Processed: \u001b[35msource/lib/vazir-font/Vazir-Black.woff\u001b[39m","time":"2025-01-02T09:54:18.926Z","v":0}
{"name":"hexo","hostname":"Gs-MacBook-Pro","pid":53419,"level":20,"msg":"Processed: \u001b[35msource/lib/vazir-font/Vazir-Black.woff2\u001b[39m","time":"2025-01-02T09:54:18.926Z","v":0}
{"name":"hexo","hostname":"Gs-MacBook-Pro","pid":53419,"level":20,"msg":"Processed: \u001b[35msource/lib/vazir-font/Vazir-Bold.woff\u001b[39m","time":"2025-01-02T09:54:18.927Z","v":0}
{"name":"hexo","hostname":"Gs-MacBook-Pro","pid":53419,"level":20,"msg":"Processed: \u001b[35msource/lib/vazir-font/Vazir-Bold.woff2\u001b[39m","time":"2025-01-02T09:54:18.927Z","v":0}
{"name":"hexo","hostname":"Gs-MacBook-Pro","pid":53419,"level":20,"msg":"Processed: \u001b[35msource/lib/vazir-font/Vazir-Light.woff\u001b[39m","time":"2025-01-02T09:54:18.927Z","v":0}
{"name":"hexo","hostname":"Gs-MacBook-Pro","pid":53419,"level":20,"msg":"Processed: \u001b[35msource/lib/vazir-font/Vazir-Light.woff2\u001b[39m","time":"2025-01-02T09:54:18.927Z","v":0}
{"name":"hexo","hostname":"Gs-MacBook-Pro","pid":53419,"level":20,"msg":"Processed: \u001b[35msource/lib/vazir-font/Vazir-Medium.woff\u001b[39m","time":"2025-01-02T09:54:18.927Z","v":0}
{"name":"hexo","hostname":"Gs-MacBook-Pro","pid":53419,"level":20,"msg":"Processed: \u001b[35msource/lib/vazir-font/Vazir-Medium.woff2\u001b[39m","time":"2025-01-02T09:54:18.927Z","v":0}
{"name":"hexo","hostname":"Gs-MacBook-Pro","pid":53419,"level":20,"msg":"Processed: \u001b[35msource/lib/vazir-font/Vazir-Thin.woff\u001b[39m","time":"2025-01-02T09:54:18.927Z","v":0}
{"name":"hexo","hostname":"Gs-MacBook-Pro","pid":53419,"level":20,"msg":"Processed: \u001b[35msource/lib/vazir-font/Vazir-Thin.woff2\u001b[39m","time":"2025-01-02T09:54:18.927Z","v":0}
{"name":"hexo","hostname":"Gs-MacBook-Pro","pid":53419,"level":20,"msg":"Processed: \u001b[35msource/lib/vazir-font/font-face.css\u001b[39m","time":"2025-01-02T09:54:18.927Z","v":0}
{"name":"hexo","hostname":"Gs-MacBook-Pro","pid":53419,"level":20,"msg":"Processed: \u001b[35msource/lib/vazir-font/Vazir.woff\u001b[39m","time":"2025-01-02T09:54:18.927Z","v":0}
{"name":"hexo","hostname":"Gs-MacBook-Pro","pid":53419,"level":20,"msg":"Processed: \u001b[35msource/lib/vazir-font/Vazir.woff2\u001b[39m","time":"2025-01-02T09:54:18.927Z","v":0}
{"name":"hexo","hostname":"Gs-MacBook-Pro","pid":53419,"level":20,"msg":"Processed: \u001b[35msource/lib/jquery/jquery.min.js\u001b[39m","time":"2025-01-02T09:54:18.927Z","v":0}
{"name":"hexo","hostname":"Gs-MacBook-Pro","pid":53419,"level":20,"msg":"Processed: \u001b[35mlayout/_partial/comments.ejs\u001b[39m","time":"2025-01-02T09:54:18.930Z","v":0}
{"name":"hexo","hostname":"Gs-MacBook-Pro","pid":53419,"level":20,"msg":"Processed: \u001b[35mlayout/_partial/footer.ejs\u001b[39m","time":"2025-01-02T09:54:18.930Z","v":0}
{"name":"hexo","hostname":"Gs-MacBook-Pro","pid":53419,"level":20,"msg":"Processed: \u001b[35mlayout/_partial/header.ejs\u001b[39m","time":"2025-01-02T09:54:18.930Z","v":0}
{"name":"hexo","hostname":"Gs-MacBook-Pro","pid":53419,"level":20,"msg":"Processed: \u001b[35mlayout/_partial/head.ejs\u001b[39m","time":"2025-01-02T09:54:18.930Z","v":0}
{"name":"hexo","hostname":"Gs-MacBook-Pro","pid":53419,"level":20,"msg":"Processed: \u001b[35mlayout/_partial/pagination.ejs\u001b[39m","time":"2025-01-02T09:54:18.930Z","v":0}
{"name":"hexo","hostname":"Gs-MacBook-Pro","pid":53419,"level":20,"msg":"Processed: \u001b[35mlayout/_partial/scripts.ejs\u001b[39m","time":"2025-01-02T09:54:18.930Z","v":0}
{"name":"hexo","hostname":"Gs-MacBook-Pro","pid":53419,"level":20,"msg":"Processed: \u001b[35mlayout/_partial/search.ejs\u001b[39m","time":"2025-01-02T09:54:18.930Z","v":0}
{"name":"hexo","hostname":"Gs-MacBook-Pro","pid":53419,"level":20,"msg":"Processed: \u001b[35mlayout/_partial/styles.ejs\u001b[39m","time":"2025-01-02T09:54:18.930Z","v":0}
{"name":"hexo","hostname":"Gs-MacBook-Pro","pid":53419,"level":20,"msg":"Processed: \u001b[35msource/images/logo.png\u001b[39m","time":"2025-01-02T09:54:18.931Z","v":0}
{"name":"hexo","hostname":"Gs-MacBook-Pro","pid":53419,"level":20,"msg":"Processed: \u001b[35msource/lib/vazir-font/Vazir-Black.eot\u001b[39m","time":"2025-01-02T09:54:18.931Z","v":0}
{"name":"hexo","hostname":"Gs-MacBook-Pro","pid":53419,"level":20,"msg":"Processed: \u001b[35msource/lib/vazir-font/Vazir-Black.ttf\u001b[39m","time":"2025-01-02T09:54:18.931Z","v":0}
{"name":"hexo","hostname":"Gs-MacBook-Pro","pid":53419,"level":20,"msg":"Processed: \u001b[35msource/lib/vazir-font/Vazir-Bold.eot\u001b[39m","time":"2025-01-02T09:54:18.931Z","v":0}
{"name":"hexo","hostname":"Gs-MacBook-Pro","pid":53419,"level":20,"msg":"Processed: \u001b[35msource/lib/vazir-font/Vazir-Bold.ttf\u001b[39m","time":"2025-01-02T09:54:18.931Z","v":0}
{"name":"hexo","hostname":"Gs-MacBook-Pro","pid":53419,"level":20,"msg":"Processed: \u001b[35msource/lib/vazir-font/Vazir-Light.eot\u001b[39m","time":"2025-01-02T09:54:18.931Z","v":0}
{"name":"hexo","hostname":"Gs-MacBook-Pro","pid":53419,"level":20,"msg":"Processed: \u001b[35msource/lib/vazir-font/Vazir-Light.ttf\u001b[39m","time":"2025-01-02T09:54:18.931Z","v":0}
{"name":"hexo","hostname":"Gs-MacBook-Pro","pid":53419,"level":20,"msg":"Processed: \u001b[35msource/lib/vazir-font/Vazir-Medium.ttf\u001b[39m","time":"2025-01-02T09:54:18.931Z","v":0}
{"name":"hexo","hostname":"Gs-MacBook-Pro","pid":53419,"level":20,"msg":"Processed: \u001b[35msource/lib/vazir-font/Vazir-Medium.eot\u001b[39m","time":"2025-01-02T09:54:18.931Z","v":0}
{"name":"hexo","hostname":"Gs-MacBook-Pro","pid":53419,"level":20,"msg":"Processed: \u001b[35msource/lib/vazir-font/Vazir-Thin.ttf\u001b[39m","time":"2025-01-02T09:54:18.931Z","v":0}
{"name":"hexo","hostname":"Gs-MacBook-Pro","pid":53419,"level":20,"msg":"Processed: \u001b[35msource/lib/vazir-font/Vazir-Thin.eot\u001b[39m","time":"2025-01-02T09:54:18.931Z","v":0}
{"name":"hexo","hostname":"Gs-MacBook-Pro","pid":53419,"level":20,"msg":"Processed: \u001b[35msource/lib/vazir-font/Vazir.eot\u001b[39m","time":"2025-01-02T09:54:18.931Z","v":0}
{"name":"hexo","hostname":"Gs-MacBook-Pro","pid":53419,"level":20,"msg":"Processed: \u001b[35msource/lib/vazir-font/Vazir.ttf\u001b[39m","time":"2025-01-02T09:54:18.931Z","v":0}
{"name":"hexo","hostname":"Gs-MacBook-Pro","pid":53419,"level":20,"msg":"Processed: \u001b[35msource/lib/font-awesome/css/all.min.css\u001b[39m","time":"2025-01-02T09:54:18.931Z","v":0}
{"name":"hexo","hostname":"Gs-MacBook-Pro","pid":53419,"level":20,"msg":"Processed: \u001b[35msource/lib/font-awesome/webfonts/fa-regular-400.ttf\u001b[39m","time":"2025-01-02T09:54:18.931Z","v":0}
{"name":"hexo","hostname":"Gs-MacBook-Pro","pid":53419,"level":20,"msg":"Processed: \u001b[35msource/lib/font-awesome/webfonts/fa-regular-400.eot\u001b[39m","time":"2025-01-02T09:54:18.931Z","v":0}
{"name":"hexo","hostname":"Gs-MacBook-Pro","pid":53419,"level":20,"msg":"Processed: \u001b[35msource/lib/font-awesome/webfonts/fa-regular-400.woff\u001b[39m","time":"2025-01-02T09:54:18.931Z","v":0}
{"name":"hexo","hostname":"Gs-MacBook-Pro","pid":53419,"level":20,"msg":"Processed: \u001b[35msource/lib/font-awesome/webfonts/fa-regular-400.woff2\u001b[39m","time":"2025-01-02T09:54:18.931Z","v":0}
{"name":"hexo","hostname":"Gs-MacBook-Pro","pid":53419,"level":20,"msg":"Processed: \u001b[35msource/lib/justified-gallery/css/justifiedGallery.min.css\u001b[39m","time":"2025-01-02T09:54:18.931Z","v":0}
{"name":"hexo","hostname":"Gs-MacBook-Pro","pid":53419,"level":20,"msg":"Processed: \u001b[35msource/lib/justified-gallery/js/jquery.justifiedGallery.min.js\u001b[39m","time":"2025-01-02T09:54:18.932Z","v":0}
{"name":"hexo","hostname":"Gs-MacBook-Pro","pid":53419,"level":20,"msg":"Processed: \u001b[35msource/lib/font-awesome/webfonts/fa-brands-400.woff2\u001b[39m","time":"2025-01-02T09:54:18.933Z","v":0}
{"name":"hexo","hostname":"Gs-MacBook-Pro","pid":53419,"level":20,"msg":"Processed: \u001b[35msource/lib/font-awesome/webfonts/fa-solid-900.woff\u001b[39m","time":"2025-01-02T09:54:18.933Z","v":0}
{"name":"hexo","hostname":"Gs-MacBook-Pro","pid":53419,"level":20,"msg":"Processed: \u001b[35msource/lib/font-awesome/webfonts/fa-solid-900.woff2\u001b[39m","time":"2025-01-02T09:54:18.933Z","v":0}
{"name":"hexo","hostname":"Gs-MacBook-Pro","pid":53419,"level":20,"msg":"Processed: \u001b[35msource/lib/font-awesome/webfonts/fa-brands-400.woff\u001b[39m","time":"2025-01-02T09:54:18.933Z","v":0}
{"name":"hexo","hostname":"Gs-MacBook-Pro","pid":53419,"level":20,"msg":"Processed: \u001b[35mlayout/_partial/post/actions_desktop.ejs\u001b[39m","time":"2025-01-02T09:54:18.935Z","v":0}
{"name":"hexo","hostname":"Gs-MacBook-Pro","pid":53419,"level":20,"msg":"Processed: \u001b[35mlayout/_partial/post/actions_mobile.ejs\u001b[39m","time":"2025-01-02T09:54:18.935Z","v":0}
{"name":"hexo","hostname":"Gs-MacBook-Pro","pid":53419,"level":20,"msg":"Processed: \u001b[35mlayout/_partial/post/category.ejs\u001b[39m","time":"2025-01-02T09:54:18.935Z","v":0}
{"name":"hexo","hostname":"Gs-MacBook-Pro","pid":53419,"level":20,"msg":"Processed: \u001b[35mlayout/_partial/post/date.ejs\u001b[39m","time":"2025-01-02T09:54:18.935Z","v":0}
{"name":"hexo","hostname":"Gs-MacBook-Pro","pid":53419,"level":20,"msg":"Processed: \u001b[35mlayout/_partial/post/tag.ejs\u001b[39m","time":"2025-01-02T09:54:18.935Z","v":0}
{"name":"hexo","hostname":"Gs-MacBook-Pro","pid":53419,"level":20,"msg":"Processed: \u001b[35mlayout/_partial/post/gallery.ejs\u001b[39m","time":"2025-01-02T09:54:18.935Z","v":0}
{"name":"hexo","hostname":"Gs-MacBook-Pro","pid":53419,"level":20,"msg":"Processed: \u001b[35mlayout/_partial/post/share.ejs\u001b[39m","time":"2025-01-02T09:54:18.935Z","v":0}
{"name":"hexo","hostname":"Gs-MacBook-Pro","pid":53419,"level":20,"msg":"Processed: \u001b[35mlayout/_partial/post/title.ejs\u001b[39m","time":"2025-01-02T09:54:18.935Z","v":0}
{"name":"hexo","hostname":"Gs-MacBook-Pro","pid":53419,"level":20,"msg":"Processed: \u001b[35msource/lib/font-awesome/webfonts/fa-brands-400.eot\u001b[39m","time":"2025-01-02T09:54:18.935Z","v":0}
{"name":"hexo","hostname":"Gs-MacBook-Pro","pid":53419,"level":20,"msg":"Processed: \u001b[35msource/lib/font-awesome/webfonts/fa-brands-400.ttf\u001b[39m","time":"2025-01-02T09:54:18.935Z","v":0}
{"name":"hexo","hostname":"Gs-MacBook-Pro","pid":53419,"level":20,"msg":"Processed: \u001b[35msource/lib/font-awesome/webfonts/fa-regular-400.svg\u001b[39m","time":"2025-01-02T09:54:18.936Z","v":0}
{"name":"hexo","hostname":"Gs-MacBook-Pro","pid":53419,"level":20,"msg":"Processed: \u001b[35msource/lib/font-awesome/webfonts/fa-solid-900.ttf\u001b[39m","time":"2025-01-02T09:54:18.936Z","v":0}
{"name":"hexo","hostname":"Gs-MacBook-Pro","pid":53419,"level":20,"msg":"Processed: \u001b[35msource/lib/font-awesome/webfonts/fa-solid-900.eot\u001b[39m","time":"2025-01-02T09:54:18.936Z","v":0}
{"name":"hexo","hostname":"Gs-MacBook-Pro","pid":53419,"level":20,"msg":"Processed: \u001b[35msource/lib/meslo-LG/MesloLGL-BoldItalic.ttf\u001b[39m","time":"2025-01-02T09:54:18.936Z","v":0}
{"name":"hexo","hostname":"Gs-MacBook-Pro","pid":53419,"level":20,"msg":"Processed: \u001b[35msource/lib/meslo-LG/MesloLGM-BoldItalic.ttf\u001b[39m","time":"2025-01-02T09:54:18.936Z","v":0}
{"name":"hexo","hostname":"Gs-MacBook-Pro","pid":53419,"level":20,"msg":"Processed: \u001b[35msource/lib/meslo-LG/MesloLGS-BoldItalic.ttf\u001b[39m","time":"2025-01-02T09:54:18.936Z","v":0}
{"name":"hexo","hostname":"Gs-MacBook-Pro","pid":53419,"level":20,"msg":"Processed: \u001b[35msource/lib/meslo-LG/MesloLGL-Italic.ttf\u001b[39m","time":"2025-01-02T09:54:18.937Z","v":0}
{"name":"hexo","hostname":"Gs-MacBook-Pro","pid":53419,"level":20,"msg":"Processed: \u001b[35msource/lib/meslo-LG/MesloLGM-Italic.ttf\u001b[39m","time":"2025-01-02T09:54:18.937Z","v":0}
{"name":"hexo","hostname":"Gs-MacBook-Pro","pid":53419,"level":20,"msg":"Processed: \u001b[35msource/lib/meslo-LG/MesloLGS-Italic.ttf\u001b[39m","time":"2025-01-02T09:54:18.937Z","v":0}
{"name":"hexo","hostname":"Gs-MacBook-Pro","pid":53419,"level":20,"msg":"Processed: \u001b[35msource/lib/meslo-LG/MesloLGL-Bold.ttf\u001b[39m","time":"2025-01-02T09:54:18.937Z","v":0}
{"name":"hexo","hostname":"Gs-MacBook-Pro","pid":53419,"level":20,"msg":"Processed: \u001b[35msource/lib/meslo-LG/MesloLGM-Bold.ttf\u001b[39m","time":"2025-01-02T09:54:18.937Z","v":0}
{"name":"hexo","hostname":"Gs-MacBook-Pro","pid":53419,"level":20,"msg":"Processed: \u001b[35msource/lib/meslo-LG/MesloLGL-Regular.ttf\u001b[39m","time":"2025-01-02T09:54:18.937Z","v":0}
{"name":"hexo","hostname":"Gs-MacBook-Pro","pid":53419,"level":20,"msg":"Processed: \u001b[35msource/lib/meslo-LG/MesloLGM-Regular.ttf\u001b[39m","time":"2025-01-02T09:54:18.937Z","v":0}
{"name":"hexo","hostname":"Gs-MacBook-Pro","pid":53419,"level":20,"msg":"Processed: \u001b[35msource/lib/meslo-LG/MesloLGS-Bold.ttf\u001b[39m","time":"2025-01-02T09:54:18.937Z","v":0}
{"name":"hexo","hostname":"Gs-MacBook-Pro","pid":53419,"level":20,"msg":"Processed: \u001b[35msource/lib/meslo-LG/MesloLGS-Regular.ttf\u001b[39m","time":"2025-01-02T09:54:18.937Z","v":0}
{"name":"hexo","hostname":"Gs-MacBook-Pro","pid":53419,"level":20,"msg":"Processed: \u001b[35msource/lib/font-awesome/webfonts/fa-brands-400.svg\u001b[39m","time":"2025-01-02T09:54:18.938Z","v":0}
{"name":"hexo","hostname":"Gs-MacBook-Pro","pid":53419,"level":20,"msg":"Processed: \u001b[35msource/lib/font-awesome/webfonts/fa-solid-900.svg\u001b[39m","time":"2025-01-02T09:54:18.938Z","v":0}
{"name":"hexo","hostname":"Gs-MacBook-Pro","pid":53419,"level":20,"msg":"Rendering post: \u001b[35m/Users/gm/Documents/GitHub/ectinge/adminentry/source/_posts/2025-09-14-任务简报.md\u001b[39m","time":"2025-01-02T09:54:18.939Z","v":0}
{"name":"hexo","hostname":"Gs-MacBook-Pro","pid":53419,"level":20,"msg":"Rendering post: \u001b[35m/Users/gm/Documents/GitHub/ectinge/adminentry/source/_posts/2025-12-19-任务简报.md\u001b[39m","time":"2025-01-02T09:54:18.939Z","v":0}
{"name":"hexo","hostname":"Gs-MacBook-Pro","pid":53419,"level":20,"msg":"Rendering post: \u001b[35m/Users/gm/Documents/GitHub/ectinge/adminentry/source/_posts/2025-12-12-任务简报.md\u001b[39m","time":"2025-01-02T09:54:18.939Z","v":0}
{"name":"hexo","hostname":"Gs-MacBook-Pro","pid":53419,"level":20,"msg":"Rendering post: \u001b[35m/Users/gm/Documents/GitHub/ectinge/adminentry/source/_posts/2030-01-17-工作日志.md\u001b[39m","time":"2025-01-02T09:54:18.939Z","v":0}
{"name":"hexo","hostname":"Gs-MacBook-Pro","pid":53419,"level":20,"msg":"Generator: \u001b[35mpage\u001b[39m","time":"2025-01-02T09:54:18.954Z","v":0}
{"name":"hexo","hostname":"Gs-MacBook-Pro","pid":53419,"level":20,"msg":"Generator: \u001b[35mpost\u001b[39m","time":"2025-01-02T09:54:18.954Z","v":0}
{"name":"hexo","hostname":"Gs-MacBook-Pro","pid":53419,"level":20,"msg":"Generator: \u001b[35mhexo-blog-encrypt\u001b[39m","time":"2025-01-02T09:54:18.954Z","v":0}
{"name":"hexo","hostname":"Gs-MacBook-Pro","pid":53419,"level":20,"msg":"Generator: \u001b[35mindex\u001b[39m","time":"2025-01-02T09:54:18.954Z","v":0}
{"name":"hexo","hostname":"Gs-MacBook-Pro","pid":53419,"level":20,"msg":"Generator: \u001b[35marchive\u001b[39m","time":"2025-01-02T09:54:18.954Z","v":0}
{"name":"hexo","hostname":"Gs-MacBook-Pro","pid":53419,"level":20,"msg":"Generator: \u001b[35mcategory\u001b[39m","time":"2025-01-02T09:54:18.954Z","v":0}
{"name":"hexo","hostname":"Gs-MacBook-Pro","pid":53419,"level":20,"msg":"Generator: \u001b[35mtag\u001b[39m","time":"2025-01-02T09:54:18.954Z","v":0}
{"name":"hexo","hostname":"Gs-MacBook-Pro","pid":53419,"level":20,"msg":"Generator: \u001b[35masset\u001b[39m","time":"2025-01-02T09:54:18.955Z","v":0}
{"name":"hexo","hostname":"Gs-MacBook-Pro","pid":53419,"level":30,"msg":"Files loaded in \u001b[36m101 ms\u001b[39m","time":"2025-01-02T09:54:18.958Z","v":0}
{"name":"hexo","hostname":"Gs-MacBook-Pro","pid":53419,"level":20,"msg":"Rendering HTML post: \u001b[35m2030/01/17/2030-01-17-工作日志/index.html\u001b[39m","time":"2025-01-02T09:54:18.962Z","v":0}
{"name":"hexo","hostname":"Gs-MacBook-Pro","pid":53419,"level":20,"msg":"Rendering HTML post: \u001b[35m2025/12/19/2025-12-19-任务简报/index.html\u001b[39m","time":"2025-01-02T09:54:18.964Z","v":0}
{"name":"hexo","hostname":"Gs-MacBook-Pro","pid":53419,"level":20,"msg":"Rendering HTML post: \u001b[35m2025/12/12/2025-12-12-任务简报/index.html\u001b[39m","time":"2025-01-02T09:54:18.964Z","v":0}
{"name":"hexo","hostname":"Gs-MacBook-Pro","pid":53419,"level":20,"msg":"Rendering HTML post: \u001b[35m2025/09/14/2025-09-14-任务简报/index.html\u001b[39m","time":"2025-01-02T09:54:18.964Z","v":0}
{"name":"hexo","hostname":"Gs-MacBook-Pro","pid":53419,"level":20,"msg":"Rendering HTML index: \u001b[35mindex.html\u001b[39m","time":"2025-01-02T09:54:18.968Z","v":0}
{"name":"hexo","hostname":"Gs-MacBook-Pro","pid":53419,"level":20,"msg":"Rendering HTML archive: \u001b[35marchives/2025/index.html\u001b[39m","time":"2025-01-02T09:54:18.969Z","v":0}
{"name":"hexo","hostname":"Gs-MacBook-Pro","pid":53419,"level":20,"msg":"Rendering HTML archive: \u001b[35marchives/2025/09/index.html\u001b[39m","time":"2025-01-02T09:54:18.969Z","v":0}
{"name":"hexo","hostname":"Gs-MacBook-Pro","pid":53419,"level":20,"msg":"Rendering HTML archive: \u001b[35marchives/2025/12/index.html\u001b[39m","time":"2025-01-02T09:54:18.969Z","v":0}
{"name":"hexo","hostname":"Gs-MacBook-Pro","pid":53419,"level":20,"msg":"Rendering HTML archive: \u001b[35marchives/index.html\u001b[39m","time":"2025-01-02T09:54:18.970Z","v":0}
{"name":"hexo","hostname":"Gs-MacBook-Pro","pid":53419,"level":20,"msg":"Rendering HTML archive: \u001b[35marchives/2030/01/index.html\u001b[39m","time":"2025-01-02T09:54:18.970Z","v":0}
{"name":"hexo","hostname":"Gs-MacBook-Pro","pid":53419,"level":20,"msg":"Rendering HTML archive: \u001b[35marchives/2030/index.html\u001b[39m","time":"2025-01-02T09:54:18.970Z","v":0}
{"name":"hexo","hostname":"Gs-MacBook-Pro","pid":53419,"level":30,"msg":"Generated: \u001b[35mindex.html\u001b[39m","time":"2025-01-02T09:54:19.055Z","v":0}
{"name":"hexo","hostname":"Gs-MacBook-Pro","pid":53419,"level":30,"msg":"Generated: \u001b[35marchives/index.html\u001b[39m","time":"2025-01-02T09:54:19.058Z","v":0}
{"name":"hexo","hostname":"Gs-MacBook-Pro","pid":53419,"level":30,"msg":"Generated: \u001b[35mimages/apple-touch-icon.png\u001b[39m","time":"2025-01-02T09:54:19.058Z","v":0}
{"name":"hexo","hostname":"Gs-MacBook-Pro","pid":53419,"level":30,"msg":"Generated: \u001b[35mimages/favicon-192x192.png\u001b[39m","time":"2025-01-02T09:54:19.058Z","v":0}
{"name":"hexo","hostname":"Gs-MacBook-Pro","pid":53419,"level":30,"msg":"Generated: \u001b[35mimages/favicon.ico\u001b[39m","time":"2025-01-02T09:54:19.058Z","v":0}
{"name":"hexo","hostname":"Gs-MacBook-Pro","pid":53419,"level":30,"msg":"Generated: \u001b[35mimages/logo.png\u001b[39m","time":"2025-01-02T09:54:19.059Z","v":0}
{"name":"hexo","hostname":"Gs-MacBook-Pro","pid":53419,"level":30,"msg":"Generated: \u001b[35mcss/hbe.style.css\u001b[39m","time":"2025-01-02T09:54:19.059Z","v":0}
{"name":"hexo","hostname":"Gs-MacBook-Pro","pid":53419,"level":30,"msg":"Generated: \u001b[35mlib/hbe.js\u001b[39m","time":"2025-01-02T09:54:19.059Z","v":0}
{"name":"hexo","hostname":"Gs-MacBook-Pro","pid":53419,"level":30,"msg":"Generated: \u001b[35marchives/2030/01/index.html\u001b[39m","time":"2025-01-02T09:54:19.065Z","v":0}
{"name":"hexo","hostname":"Gs-MacBook-Pro","pid":53419,"level":30,"msg":"Generated: \u001b[35mlib/vazir-font/Vazir-Black.woff2\u001b[39m","time":"2025-01-02T09:54:19.065Z","v":0}
{"name":"hexo","hostname":"Gs-MacBook-Pro","pid":53419,"level":30,"msg":"Generated: \u001b[35marchives/2025/12/index.html\u001b[39m","time":"2025-01-02T09:54:19.065Z","v":0}
{"name":"hexo","hostname":"Gs-MacBook-Pro","pid":53419,"level":30,"msg":"Generated: \u001b[35mlib/jquery/jquery.min.js\u001b[39m","time":"2025-01-02T09:54:19.065Z","v":0}
{"name":"hexo","hostname":"Gs-MacBook-Pro","pid":53419,"level":30,"msg":"Generated: \u001b[35mlib/clipboard/clipboard.min.js\u001b[39m","time":"2025-01-02T09:54:19.065Z","v":0}
{"name":"hexo","hostname":"Gs-MacBook-Pro","pid":53419,"level":30,"msg":"Generated: \u001b[35mlib/vazir-font/font-face.css\u001b[39m","time":"2025-01-02T09:54:19.066Z","v":0}
{"name":"hexo","hostname":"Gs-MacBook-Pro","pid":53419,"level":30,"msg":"Generated: \u001b[35mcss/style.css\u001b[39m","time":"2025-01-02T09:54:19.066Z","v":0}
{"name":"hexo","hostname":"Gs-MacBook-Pro","pid":53419,"level":30,"msg":"Generated: \u001b[35marchives/2025/09/index.html\u001b[39m","time":"2025-01-02T09:54:19.066Z","v":0}
{"name":"hexo","hostname":"Gs-MacBook-Pro","pid":53419,"level":30,"msg":"Generated: \u001b[35mcss/rtl.css\u001b[39m","time":"2025-01-02T09:54:19.066Z","v":0}
{"name":"hexo","hostname":"Gs-MacBook-Pro","pid":53419,"level":30,"msg":"Generated: \u001b[35mlib/vazir-font/Vazir-Thin.ttf\u001b[39m","time":"2025-01-02T09:54:19.066Z","v":0}
{"name":"hexo","hostname":"Gs-MacBook-Pro","pid":53419,"level":30,"msg":"Generated: \u001b[35mjs/main.js\u001b[39m","time":"2025-01-02T09:54:19.066Z","v":0}
{"name":"hexo","hostname":"Gs-MacBook-Pro","pid":53419,"level":30,"msg":"Generated: \u001b[35mjs/search.js\u001b[39m","time":"2025-01-02T09:54:19.066Z","v":0}
{"name":"hexo","hostname":"Gs-MacBook-Pro","pid":53419,"level":30,"msg":"Generated: \u001b[35mlib/vazir-font/Vazir.ttf\u001b[39m","time":"2025-01-02T09:54:19.066Z","v":0}
{"name":"hexo","hostname":"Gs-MacBook-Pro","pid":53419,"level":30,"msg":"Generated: \u001b[35mlib/vazir-font/Vazir-Black.woff\u001b[39m","time":"2025-01-02T09:54:19.066Z","v":0}
{"name":"hexo","hostname":"Gs-MacBook-Pro","pid":53419,"level":30,"msg":"Generated: \u001b[35mlib/vazir-font/Vazir-Medium.woff\u001b[39m","time":"2025-01-02T09:54:19.066Z","v":0}
{"name":"hexo","hostname":"Gs-MacBook-Pro","pid":53419,"level":30,"msg":"Generated: \u001b[35mlib/vazir-font/Vazir-Light.woff2\u001b[39m","time":"2025-01-02T09:54:19.066Z","v":0}
{"name":"hexo","hostname":"Gs-MacBook-Pro","pid":53419,"level":30,"msg":"Generated: \u001b[35marchives/2030/index.html\u001b[39m","time":"2025-01-02T09:54:19.066Z","v":0}
{"name":"hexo","hostname":"Gs-MacBook-Pro","pid":53419,"level":30,"msg":"Generated: \u001b[35mlib/vazir-font/Vazir.eot\u001b[39m","time":"2025-01-02T09:54:19.066Z","v":0}
{"name":"hexo","hostname":"Gs-MacBook-Pro","pid":53419,"level":30,"msg":"Generated: \u001b[35marchives/2025/index.html\u001b[39m","time":"2025-01-02T09:54:19.066Z","v":0}
{"name":"hexo","hostname":"Gs-MacBook-Pro","pid":53419,"level":30,"msg":"Generated: \u001b[35mlib/vazir-font/Vazir-Bold.woff\u001b[39m","time":"2025-01-02T09:54:19.066Z","v":0}
{"name":"hexo","hostname":"Gs-MacBook-Pro","pid":53419,"level":30,"msg":"Generated: \u001b[35mlib/vazir-font/Vazir-Bold.woff2\u001b[39m","time":"2025-01-02T09:54:19.066Z","v":0}
{"name":"hexo","hostname":"Gs-MacBook-Pro","pid":53419,"level":30,"msg":"Generated: \u001b[35mlib/vazir-font/Vazir-Light.woff\u001b[39m","time":"2025-01-02T09:54:19.066Z","v":0}
{"name":"hexo","hostname":"Gs-MacBook-Pro","pid":53419,"level":30,"msg":"Generated: \u001b[35mlib/vazir-font/Vazir.woff\u001b[39m","time":"2025-01-02T09:54:19.066Z","v":0}
{"name":"hexo","hostname":"Gs-MacBook-Pro","pid":53419,"level":30,"msg":"Generated: \u001b[35mlib/vazir-font/Vazir.woff2\u001b[39m","time":"2025-01-02T09:54:19.066Z","v":0}
{"name":"hexo","hostname":"Gs-MacBook-Pro","pid":53419,"level":30,"msg":"Generated: \u001b[35mlib/vazir-font/Vazir-Medium.woff2\u001b[39m","time":"2025-01-02T09:54:19.066Z","v":0}
{"name":"hexo","hostname":"Gs-MacBook-Pro","pid":53419,"level":30,"msg":"Generated: \u001b[35mlib/vazir-font/Vazir-Thin.woff2\u001b[39m","time":"2025-01-02T09:54:19.066Z","v":0}
{"name":"hexo","hostname":"Gs-MacBook-Pro","pid":53419,"level":30,"msg":"Generated: \u001b[35mlib/vazir-font/Vazir-Thin.woff\u001b[39m","time":"2025-01-02T09:54:19.066Z","v":0}
{"name":"hexo","hostname":"Gs-MacBook-Pro","pid":53419,"level":30,"msg":"Generated: \u001b[35mlib/font-awesome/webfonts/fa-regular-400.woff2\u001b[39m","time":"2025-01-02T09:54:19.066Z","v":0}
{"name":"hexo","hostname":"Gs-MacBook-Pro","pid":53419,"level":30,"msg":"Generated: \u001b[35mlib/font-awesome/webfonts/fa-brands-400.eot\u001b[39m","time":"2025-01-02T09:54:19.066Z","v":0}
{"name":"hexo","hostname":"Gs-MacBook-Pro","pid":53419,"level":30,"msg":"Generated: \u001b[35mlib/font-awesome/webfonts/fa-brands-400.ttf\u001b[39m","time":"2025-01-02T09:54:19.066Z","v":0}
{"name":"hexo","hostname":"Gs-MacBook-Pro","pid":53419,"level":30,"msg":"Generated: \u001b[35mlib/font-awesome/webfonts/fa-solid-900.ttf\u001b[39m","time":"2025-01-02T09:54:19.066Z","v":0}
{"name":"hexo","hostname":"Gs-MacBook-Pro","pid":53419,"level":30,"msg":"Generated: \u001b[35mlib/vazir-font/Vazir-Black.eot\u001b[39m","time":"2025-01-02T09:54:19.067Z","v":0}
{"name":"hexo","hostname":"Gs-MacBook-Pro","pid":53419,"level":30,"msg":"Generated: \u001b[35mlib/font-awesome/webfonts/fa-regular-400.ttf\u001b[39m","time":"2025-01-02T09:54:19.067Z","v":0}
{"name":"hexo","hostname":"Gs-MacBook-Pro","pid":53419,"level":30,"msg":"Generated: \u001b[35mlib/vazir-font/Vazir-Light.ttf\u001b[39m","time":"2025-01-02T09:54:19.067Z","v":0}
{"name":"hexo","hostname":"Gs-MacBook-Pro","pid":53419,"level":30,"msg":"Generated: \u001b[35mlib/vazir-font/Vazir-Bold.ttf\u001b[39m","time":"2025-01-02T09:54:19.067Z","v":0}
{"name":"hexo","hostname":"Gs-MacBook-Pro","pid":53419,"level":30,"msg":"Generated: \u001b[35mlib/font-awesome/webfonts/fa-solid-900.eot\u001b[39m","time":"2025-01-02T09:54:19.067Z","v":0}
{"name":"hexo","hostname":"Gs-MacBook-Pro","pid":53419,"level":30,"msg":"Generated: \u001b[35mlib/vazir-font/Vazir-Bold.eot\u001b[39m","time":"2025-01-02T09:54:19.067Z","v":0}
{"name":"hexo","hostname":"Gs-MacBook-Pro","pid":53419,"level":30,"msg":"Generated: \u001b[35mlib/vazir-font/Vazir-Thin.eot\u001b[39m","time":"2025-01-02T09:54:19.067Z","v":0}
{"name":"hexo","hostname":"Gs-MacBook-Pro","pid":53419,"level":30,"msg":"Generated: \u001b[35mlib/vazir-font/Vazir-Medium.eot\u001b[39m","time":"2025-01-02T09:54:19.067Z","v":0}
{"name":"hexo","hostname":"Gs-MacBook-Pro","pid":53419,"level":30,"msg":"Generated: \u001b[35mlib/vazir-font/Vazir-Light.eot\u001b[39m","time":"2025-01-02T09:54:19.067Z","v":0}
{"name":"hexo","hostname":"Gs-MacBook-Pro","pid":53419,"level":30,"msg":"Generated: \u001b[35mlib/vazir-font/Vazir-Black.ttf\u001b[39m","time":"2025-01-02T09:54:19.067Z","v":0}
{"name":"hexo","hostname":"Gs-MacBook-Pro","pid":53419,"level":30,"msg":"Generated: \u001b[35mlib/font-awesome/webfonts/fa-regular-400.woff\u001b[39m","time":"2025-01-02T09:54:19.067Z","v":0}
{"name":"hexo","hostname":"Gs-MacBook-Pro","pid":53419,"level":30,"msg":"Generated: \u001b[35mlib/font-awesome/webfonts/fa-regular-400.eot\u001b[39m","time":"2025-01-02T09:54:19.067Z","v":0}
{"name":"hexo","hostname":"Gs-MacBook-Pro","pid":53419,"level":30,"msg":"Generated: \u001b[35mlib/font-awesome/webfonts/fa-regular-400.svg\u001b[39m","time":"2025-01-02T09:54:19.067Z","v":0}
{"name":"hexo","hostname":"Gs-MacBook-Pro","pid":53419,"level":30,"msg":"Generated: \u001b[35mlib/vazir-font/Vazir-Medium.ttf\u001b[39m","time":"2025-01-02T09:54:19.067Z","v":0}
{"name":"hexo","hostname":"Gs-MacBook-Pro","pid":53419,"level":30,"msg":"Generated: \u001b[35mlib/justified-gallery/css/justifiedGallery.min.css\u001b[39m","time":"2025-01-02T09:54:19.067Z","v":0}
{"name":"hexo","hostname":"Gs-MacBook-Pro","pid":53419,"level":30,"msg":"Generated: \u001b[35mlib/font-awesome/webfonts/fa-solid-900.woff2\u001b[39m","time":"2025-01-02T09:54:19.067Z","v":0}
{"name":"hexo","hostname":"Gs-MacBook-Pro","pid":53419,"level":30,"msg":"Generated: \u001b[35mlib/font-awesome/webfonts/fa-solid-900.woff\u001b[39m","time":"2025-01-02T09:54:19.067Z","v":0}
{"name":"hexo","hostname":"Gs-MacBook-Pro","pid":53419,"level":30,"msg":"Generated: \u001b[35mlib/font-awesome/webfonts/fa-brands-400.woff2\u001b[39m","time":"2025-01-02T09:54:19.067Z","v":0}
{"name":"hexo","hostname":"Gs-MacBook-Pro","pid":53419,"level":30,"msg":"Generated: \u001b[35mlib/font-awesome/webfonts/fa-brands-400.woff\u001b[39m","time":"2025-01-02T09:54:19.067Z","v":0}
{"name":"hexo","hostname":"Gs-MacBook-Pro","pid":53419,"level":30,"msg":"Generated: \u001b[35mlib/justified-gallery/js/jquery.justifiedGallery.min.js\u001b[39m","time":"2025-01-02T09:54:19.067Z","v":0}
{"name":"hexo","hostname":"Gs-MacBook-Pro","pid":53419,"level":30,"msg":"Generated: \u001b[35mlib/font-awesome/css/all.min.css\u001b[39m","time":"2025-01-02T09:54:19.067Z","v":0}
{"name":"hexo","hostname":"Gs-MacBook-Pro","pid":53419,"level":30,"msg":"Generated: \u001b[35m2030/01/17/2030-01-17-工作日志/index.html\u001b[39m","time":"2025-01-02T09:54:19.067Z","v":0}
{"name":"hexo","hostname":"Gs-MacBook-Pro","pid":53419,"level":30,"msg":"Generated: \u001b[35m2025/09/14/2025-09-14-任务简报/index.html\u001b[39m","time":"2025-01-02T09:54:19.068Z","v":0}
{"name":"hexo","hostname":"Gs-MacBook-Pro","pid":53419,"level":30,"msg":"Generated: \u001b[35m2025/12/12/2025-12-12-任务简报/index.html\u001b[39m","time":"2025-01-02T09:54:19.068Z","v":0}
{"name":"hexo","hostname":"Gs-MacBook-Pro","pid":53419,"level":30,"msg":"Generated: \u001b[35m2025/12/19/2025-12-19-任务简报/index.html\u001b[39m","time":"2025-01-02T09:54:19.068Z","v":0}
{"name":"hexo","hostname":"Gs-MacBook-Pro","pid":53419,"level":30,"msg":"Generated: \u001b[35mlib/meslo-LG/MesloLGS-BoldItalic.ttf\u001b[39m","time":"2025-01-02T09:54:19.068Z","v":0}
{"name":"hexo","hostname":"Gs-MacBook-Pro","pid":53419,"level":30,"msg":"Generated: \u001b[35mlib/meslo-LG/MesloLGL-BoldItalic.ttf\u001b[39m","time":"2025-01-02T09:54:19.070Z","v":0}
{"name":"hexo","hostname":"Gs-MacBook-Pro","pid":53419,"level":30,"msg":"Generated: \u001b[35mlib/meslo-LG/MesloLGM-BoldItalic.ttf\u001b[39m","time":"2025-01-02T09:54:19.070Z","v":0}
{"name":"hexo","hostname":"Gs-MacBook-Pro","pid":53419,"level":30,"msg":"Generated: \u001b[35mlib/meslo-LG/MesloLGS-Regular.ttf\u001b[39m","time":"2025-01-02T09:54:19.071Z","v":0}
{"name":"hexo","hostname":"Gs-MacBook-Pro","pid":53419,"level":30,"msg":"Generated: \u001b[35mlib/meslo-LG/MesloLGS-Italic.ttf\u001b[39m","time":"2025-01-02T09:54:19.071Z","v":0}
{"name":"hexo","hostname":"Gs-MacBook-Pro","pid":53419,"level":30,"msg":"Generated: \u001b[35mlib/meslo-LG/MesloLGL-Bold.ttf\u001b[39m","time":"2025-01-02T09:54:19.071Z","v":0}
{"name":"hexo","hostname":"Gs-MacBook-Pro","pid":53419,"level":30,"msg":"Generated: \u001b[35mlib/meslo-LG/MesloLGL-Italic.ttf\u001b[39m","time":"2025-01-02T09:54:19.071Z","v":0}
{"name":"hexo","hostname":"Gs-MacBook-Pro","pid":53419,"level":30,"msg":"Generated: \u001b[35mlib/meslo-LG/MesloLGL-Regular.ttf\u001b[39m","time":"2025-01-02T09:54:19.071Z","v":0}
{"name":"hexo","hostname":"Gs-MacBook-Pro","pid":53419,"level":30,"msg":"Generated: \u001b[35mlib/meslo-LG/MesloLGM-Italic.ttf\u001b[39m","time":"2025-01-02T09:54:19.073Z","v":0}
{"name":"hexo","hostname":"Gs-MacBook-Pro","pid":53419,"level":30,"msg":"Generated: \u001b[35mlib/meslo-LG/MesloLGM-Bold.ttf\u001b[39m","time":"2025-01-02T09:54:19.073Z","v":0}
{"name":"hexo","hostname":"Gs-MacBook-Pro","pid":53419,"level":30,"msg":"Generated: \u001b[35mlib/meslo-LG/MesloLGM-Regular.ttf\u001b[39m","time":"2025-01-02T09:54:19.075Z","v":0}
{"name":"hexo","hostname":"Gs-MacBook-Pro","pid":53419,"level":30,"msg":"Generated: \u001b[35mlib/font-awesome/webfonts/fa-brands-400.svg\u001b[39m","time":"2025-01-02T09:54:19.075Z","v":0}
{"name":"hexo","hostname":"Gs-MacBook-Pro","pid":53419,"level":30,"msg":"Generated: \u001b[35mlib/meslo-LG/MesloLGS-Bold.ttf\u001b[39m","time":"2025-01-02T09:54:19.075Z","v":0}
{"name":"hexo","hostname":"Gs-MacBook-Pro","pid":53419,"level":30,"msg":"Generated: \u001b[35mlib/font-awesome/webfonts/fa-solid-900.svg\u001b[39m","time":"2025-01-02T09:54:19.075Z","v":0}
{"name":"hexo","hostname":"Gs-MacBook-Pro","pid":53419,"level":30,"msg":"78 files generated in \u001b[36m117 ms\u001b[39m","time":"2025-01-02T09:54:19.075Z","v":0}
{"name":"hexo","hostname":"Gs-MacBook-Pro","pid":53419,"level":20,"msg":"Database saved","time":"2025-01-02T09:54:19.077Z","v":0}
